
*** Running vivado
    with args -log parkade.vdi -applog -m64 -product Vivado -messageDb vivado.pb -mode batch -source parkade.tcl -notrace


****** Vivado v2018.3 (64-bit)
  **** SW Build 2405991 on Thu Dec  6 23:38:27 MST 2018
  **** IP Build 2404404 on Fri Dec  7 01:43:56 MST 2018
    ** Copyright 1986-2018 Xilinx, Inc. All Rights Reserved.

source parkade.tcl -notrace
Command: link_design -top parkade -part xc7z010clg400-1
Design is defaulting to srcset: sources_1
Design is defaulting to constrset: constrs_1
INFO: [Netlist 29-17] Analyzing 161 Unisim elements for replacement
INFO: [Netlist 29-28] Unisim Transformation completed in 1 CPU seconds
WARNING: [Netlist 29-101] Netlist 'parkade' is not ideal for floorplanning, since the cellview 'parkade' contains a large number of primitives.  Please consider enabling hierarchy in synthesis if you want to do floorplanning.
INFO: [Project 1-479] Netlist was created with Vivado 2018.3
INFO: [Device 21-403] Loading part xc7z010clg400-1
INFO: [Project 1-570] Preparing netlist for logic optimization
Parsing XDC File [C:/Users/e501tech/Documents/ECE410/lab2-parkade/parkade/parkade.srcs/constrs_1/imports/lab2_traffic lights/Zybo-Z7-Master.xdc]
Finished Parsing XDC File [C:/Users/e501tech/Documents/ECE410/lab2-parkade/parkade/parkade.srcs/constrs_1/imports/lab2_traffic lights/Zybo-Z7-Master.xdc]
INFO: [Opt 31-138] Pushed 0 inverter(s) to 0 load pin(s).
Netlist sorting complete. Time (s): cpu = 00:00:00 ; elapsed = 00:00:00.001 . Memory (MB): peak = 598.246 ; gain = 0.000
INFO: [Project 1-111] Unisim Transformation Summary:
No Unisim elements were transformed.

7 Infos, 1 Warnings, 0 Critical Warnings and 0 Errors encountered.
link_design completed successfully
link_design: Time (s): cpu = 00:00:06 ; elapsed = 00:00:06 . Memory (MB): peak = 602.258 ; gain = 327.395
Command: opt_design
Attempting to get a license for feature 'Implementation' and/or device 'xc7z010'
INFO: [Common 17-349] Got license for feature 'Implementation' and/or device 'xc7z010'
Running DRC as a precondition to command opt_design

Starting DRC Task
INFO: [DRC 23-27] Running DRC with 2 threads
INFO: [Project 1-461] DRC finished with 0 Errors
INFO: [Project 1-462] Please refer to the DRC report (report_drc) for more information.

Time (s): cpu = 00:00:01 ; elapsed = 00:00:00.510 . Memory (MB): peak = 609.375 ; gain = 7.117

Starting Cache Timing Information Task
INFO: [Timing 38-35] Done setting XDC timing constraints.
Ending Cache Timing Information Task | Checksum: 21d47f765

Time (s): cpu = 00:00:08 ; elapsed = 00:00:09 . Memory (MB): peak = 1139.414 ; gain = 530.039

Starting Logic Optimization Task

Phase 1 Retarget
INFO: [Opt 31-138] Pushed 0 inverter(s) to 0 load pin(s).
INFO: [Opt 31-49] Retargeted 0 cell(s).
Phase 1 Retarget | Checksum: 21d47f765

Time (s): cpu = 00:00:00 ; elapsed = 00:00:00.046 . Memory (MB): peak = 1238.992 ; gain = 0.000
INFO: [Opt 31-389] Phase Retarget created 0 cells and removed 0 cells

Phase 2 Constant propagation
INFO: [Opt 31-138] Pushed 0 inverter(s) to 0 load pin(s).
Phase 2 Constant propagation | Checksum: 1dba3bb96

Time (s): cpu = 00:00:00 ; elapsed = 00:00:00.062 . Memory (MB): peak = 1238.992 ; gain = 0.000
INFO: [Opt 31-389] Phase Constant propagation created 0 cells and removed 0 cells

Phase 3 Sweep
Phase 3 Sweep | Checksum: 1a3d56d06

Time (s): cpu = 00:00:00 ; elapsed = 00:00:00.094 . Memory (MB): peak = 1238.992 ; gain = 0.000
INFO: [Opt 31-389] Phase Sweep created 0 cells and removed 0 cells

Phase 4 BUFG optimization
Phase 4 BUFG optimization | Checksum: 1a3d56d06

Time (s): cpu = 00:00:00 ; elapsed = 00:00:00.135 . Memory (MB): peak = 1238.992 ; gain = 0.000
INFO: [Opt 31-662] Phase BUFG optimization created 0 cells of which 0 are BUFGs and removed 0 cells.

Phase 5 Shift Register Optimization
Phase 5 Shift Register Optimization | Checksum: 18af46d5e

Time (s): cpu = 00:00:00 ; elapsed = 00:00:00.224 . Memory (MB): peak = 1238.992 ; gain = 0.000
INFO: [Opt 31-389] Phase Shift Register Optimization created 0 cells and removed 0 cells

Phase 6 Post Processing Netlist
Phase 6 Post Processing Netlist | Checksum: 18af46d5e

Time (s): cpu = 00:00:00 ; elapsed = 00:00:00.231 . Memory (MB): peak = 1238.992 ; gain = 0.000
INFO: [Opt 31-389] Phase Post Processing Netlist created 0 cells and removed 0 cells
Opt_design Change Summary
=========================


-------------------------------------------------------------------------------------------------------------------------
|  Phase                        |  #Cells created  |  #Cells Removed  |  #Constrained objects preventing optimizations  |
-------------------------------------------------------------------------------------------------------------------------
|  Retarget                     |               0  |               0  |                                              0  |
|  Constant propagation         |               0  |               0  |                                              0  |
|  Sweep                        |               0  |               0  |                                              0  |
|  BUFG optimization            |               0  |               0  |                                              0  |
|  Shift Register Optimization  |               0  |               0  |                                              0  |
|  Post Processing Netlist      |               0  |               0  |                                              0  |
-------------------------------------------------------------------------------------------------------------------------



Starting Connectivity Check Task

Time (s): cpu = 00:00:00 ; elapsed = 00:00:00.002 . Memory (MB): peak = 1238.992 ; gain = 0.000
Ending Logic Optimization Task | Checksum: 18af46d5e

Time (s): cpu = 00:00:00 ; elapsed = 00:00:00.237 . Memory (MB): peak = 1238.992 ; gain = 0.000

Starting Power Optimization Task
INFO: [Pwropt 34-132] Skipping clock gating for clocks with a period < 2.00 ns.
Ending Power Optimization Task | Checksum: 18af46d5e

Time (s): cpu = 00:00:00 ; elapsed = 00:00:00.007 . Memory (MB): peak = 1238.992 ; gain = 0.000

Starting Final Cleanup Task
Ending Final Cleanup Task | Checksum: 18af46d5e

Time (s): cpu = 00:00:00 ; elapsed = 00:00:00 . Memory (MB): peak = 1238.992 ; gain = 0.000

Starting Netlist Obfuscation Task
Netlist sorting complete. Time (s): cpu = 00:00:00 ; elapsed = 00:00:00.001 . Memory (MB): peak = 1238.992 ; gain = 0.000
Ending Netlist Obfuscation Task | Checksum: 18af46d5e

Time (s): cpu = 00:00:00 ; elapsed = 00:00:00.001 . Memory (MB): peak = 1238.992 ; gain = 0.000
INFO: [Common 17-83] Releasing license: Implementation
23 Infos, 1 Warnings, 0 Critical Warnings and 0 Errors encountered.
opt_design completed successfully
opt_design: Time (s): cpu = 00:00:10 ; elapsed = 00:00:10 . Memory (MB): peak = 1238.992 ; gain = 636.734
Netlist sorting complete. Time (s): cpu = 00:00:00 ; elapsed = 00:00:00 . Memory (MB): peak = 1238.992 ; gain = 0.000
INFO: [Timing 38-480] Writing timing data to binary archive.
Writing placer database...
Writing XDEF routing.
Writing XDEF routing logical nets.
Writing XDEF routing special nets.
Write XDEF Complete: Time (s): cpu = 00:00:01 ; elapsed = 00:00:00.052 . Memory (MB): peak = 1238.992 ; gain = 0.000
Netlist sorting complete. Time (s): cpu = 00:00:00 ; elapsed = 00:00:00 . Memory (MB): peak = 1238.992 ; gain = 0.000
INFO: [Common 17-1381] The checkpoint 'C:/Users/e501tech/Documents/ECE410/lab2-parkade/parkade/parkade.runs/impl_1/parkade_opt.dcp' has been generated.
INFO: [runtcl-4] Executing : report_drc -file parkade_drc_opted.rpt -pb parkade_drc_opted.pb -rpx parkade_drc_opted.rpx
Command: report_drc -file parkade_drc_opted.rpt -pb parkade_drc_opted.pb -rpx parkade_drc_opted.rpx
INFO: [IP_Flow 19-234] Refreshing IP repositories
INFO: [IP_Flow 19-1704] No user IP repositories specified
INFO: [IP_Flow 19-2313] Loaded Vivado IP repository 'C:/Xilinx/Vivado/2018.3/data/ip'.
INFO: [DRC 23-27] Running DRC with 2 threads
INFO: [Coretcl 2-168] The results of DRC are in file C:/Users/e501tech/Documents/ECE410/lab2-parkade/parkade/parkade.runs/impl_1/parkade_drc_opted.rpt.
report_drc completed successfully
Command: place_design
Attempting to get a license for feature 'Implementation' and/or device 'xc7z010'
INFO: [Common 17-349] Got license for feature 'Implementation' and/or device 'xc7z010'
INFO: [DRC 23-27] Running DRC with 2 threads
INFO: [Vivado_Tcl 4-198] DRC finished with 0 Errors
INFO: [Vivado_Tcl 4-199] Please refer to the DRC report (report_drc) for more information.
Running DRC as a precondition to command place_design
INFO: [DRC 23-27] Running DRC with 2 threads
INFO: [Vivado_Tcl 4-198] DRC finished with 0 Errors
INFO: [Vivado_Tcl 4-199] Please refer to the DRC report (report_drc) for more information.

Starting Placer Task
INFO: [Place 30-611] Multithreading enabled for place_design using a maximum of 2 CPUs

Phase 1 Placer Initialization

Phase 1.1 Placer Initialization Netlist Sorting
Netlist sorting complete. Time (s): cpu = 00:00:00 ; elapsed = 00:00:00 . Memory (MB): peak = 1238.992 ; gain = 0.000
Phase 1.1 Placer Initialization Netlist Sorting | Checksum: daf71919

Time (s): cpu = 00:00:00 ; elapsed = 00:00:00.003 . Memory (MB): peak = 1238.992 ; gain = 0.000
Netlist sorting complete. Time (s): cpu = 00:00:00 ; elapsed = 00:00:00 . Memory (MB): peak = 1238.992 ; gain = 0.000

Phase 1.2 IO Placement/ Clock Placement/ Build Placer Device
INFO: [Timing 38-35] Done setting XDC timing constraints.
Phase 1.2 IO Placement/ Clock Placement/ Build Placer Device | Checksum: 10371ba85

Time (s): cpu = 00:00:00 ; elapsed = 00:00:00.309 . Memory (MB): peak = 1238.992 ; gain = 0.000

Phase 1.3 Build Placer Netlist Model
Phase 1.3 Build Placer Netlist Model | Checksum: 1d00c4075

Time (s): cpu = 00:00:01 ; elapsed = 00:00:00.568 . Memory (MB): peak = 1242.813 ; gain = 3.820

Phase 1.4 Constrain Clocks/Macros
Phase 1.4 Constrain Clocks/Macros | Checksum: 1d00c4075

Time (s): cpu = 00:00:01 ; elapsed = 00:00:00.570 . Memory (MB): peak = 1242.813 ; gain = 3.820
Phase 1 Placer Initialization | Checksum: 1d00c4075

Time (s): cpu = 00:00:01 ; elapsed = 00:00:00.571 . Memory (MB): peak = 1242.813 ; gain = 3.820

Phase 2 Global Placement

Phase 2.1 Floorplanning
Phase 2.1 Floorplanning | Checksum: 154e40198

Time (s): cpu = 00:00:01 ; elapsed = 00:00:00.611 . Memory (MB): peak = 1242.813 ; gain = 3.820

Phase 2.2 Physical Synthesis In Placer
INFO: [Physopt 32-65] No nets found for high-fanout optimization.
INFO: [Physopt 32-232] Optimized 0 net. Created 0 new instance.
INFO: [Physopt 32-775] End 1 Pass. Optimized 0 net or cell. Created 0 new cell, deleted 0 existing cell and moved 0 existing cell
INFO: [Physopt 32-670] No setup violation found.  DSP Register Optimization was not performed.
INFO: [Physopt 32-670] No setup violation found.  Shift Register Optimization was not performed.
INFO: [Physopt 32-670] No setup violation found.  BRAM Register Optimization was not performed.
INFO: [Physopt 32-949] No candidate nets found for HD net replication
INFO: [Physopt 32-775] End 1 Pass. Optimized 0 net or cell. Created 0 new cell, deleted 0 existing cell and moved 0 existing cell
Netlist sorting complete. Time (s): cpu = 00:00:00 ; elapsed = 00:00:00 . Memory (MB): peak = 1242.813 ; gain = 0.000

Summary of Physical Synthesis Optimizations
============================================


----------------------------------------------------------------------------------------------------------------------------------------
|  Optimization                  |  Added Cells  |  Removed Cells  |  Optimized Cells/Nets  |  Dont Touch  |  Iterations  |  Elapsed   |
----------------------------------------------------------------------------------------------------------------------------------------
|  Very High Fanout              |            0  |              0  |                     0  |           0  |           1  |  00:00:00  |
|  DSP Register                  |            0  |              0  |                     0  |           0  |           0  |  00:00:00  |
|  Shift Register                |            0  |              0  |                     0  |           0  |           0  |  00:00:00  |
|  BRAM Register                 |            0  |              0  |                     0  |           0  |           0  |  00:00:00  |
|  HD Interface Net Replication  |            0  |              0  |                     0  |           0  |           1  |  00:00:00  |
|  Total                         |            0  |              0  |                     0  |           0  |           2  |  00:00:00  |
----------------------------------------------------------------------------------------------------------------------------------------


Phase 2.2 Physical Synthesis In Placer | Checksum: 179bd620c

Time (s): cpu = 00:00:02 ; elapsed = 00:00:02 . Memory (MB): peak = 1242.813 ; gain = 3.820
Phase 2 Global Placement | Checksum: 20078c1b8

Time (s): cpu = 00:00:02 ; elapsed = 00:00:02 . Memory (MB): peak = 1242.813 ; gain = 3.820

Phase 3 Detail Placement

Phase 3.1 Commit Multi Column Macros
Phase 3.1 Commit Multi Column Macros | Checksum: 20078c1b8

Time (s): cpu = 00:00:02 ; elapsed = 00:00:02 . Memory (MB): peak = 1242.813 ; gain = 3.820

Phase 3.2 Commit Most Macros & LUTRAMs
Phase 3.2 Commit Most Macros & LUTRAMs | Checksum: 1df7a5cbb

Time (s): cpu = 00:00:02 ; elapsed = 00:00:02 . Memory (MB): peak = 1242.813 ; gain = 3.820

Phase 3.3 Area Swap Optimization
Phase 3.3 Area Swap Optimization | Checksum: 140c7e0e5

Time (s): cpu = 00:00:02 ; elapsed = 00:00:02 . Memory (MB): peak = 1242.813 ; gain = 3.820

Phase 3.4 Pipeline Register Optimization
Phase 3.4 Pipeline Register Optimization | Checksum: 1932798af

Time (s): cpu = 00:00:02 ; elapsed = 00:00:02 . Memory (MB): peak = 1242.813 ; gain = 3.820

Phase 3.5 Small Shape Detail Placement
Phase 3.5 Small Shape Detail Placement | Checksum: e6bf870b

Time (s): cpu = 00:00:02 ; elapsed = 00:00:02 . Memory (MB): peak = 1242.813 ; gain = 3.820

Phase 3.6 Re-assign LUT pins
Phase 3.6 Re-assign LUT pins | Checksum: 16c2e75f9

Time (s): cpu = 00:00:03 ; elapsed = 00:00:02 . Memory (MB): peak = 1242.813 ; gain = 3.820

Phase 3.7 Pipeline Register Optimization
Phase 3.7 Pipeline Register Optimization | Checksum: 1beceae3f

Time (s): cpu = 00:00:03 ; elapsed = 00:00:02 . Memory (MB): peak = 1242.813 ; gain = 3.820
Phase 3 Detail Placement | Checksum: 1beceae3f

Time (s): cpu = 00:00:03 ; elapsed = 00:00:02 . Memory (MB): peak = 1242.813 ; gain = 3.820

Phase 4 Post Placement Optimization and Clean-Up

Phase 4.1 Post Commit Optimization
INFO: [Timing 38-35] Done setting XDC timing constraints.

Phase 4.1.1 Post Placement Optimization
Post Placement Optimization Initialization | Checksum: 1e5bc2b2d

Phase 4.1.1.1 BUFG Insertion
INFO: [Place 46-46] BUFG insertion identified 0 candidate nets, 0 success, 0 bufg driver replicated, 0 skipped for placement/routing, 0 skipped for timing, 0 skipped for netlist change reason
Phase 4.1.1.1 BUFG Insertion | Checksum: 1e5bc2b2d

Time (s): cpu = 00:00:03 ; elapsed = 00:00:02 . Memory (MB): peak = 1242.813 ; gain = 3.820
INFO: [Place 30-746] Post Placement Timing Summary WNS=3.596. For the most accurate timing information please run report_timing.
Phase 4.1.1 Post Placement Optimization | Checksum: 2b2fc5b91

Time (s): cpu = 00:00:03 ; elapsed = 00:00:02 . Memory (MB): peak = 1242.813 ; gain = 3.820
Phase 4.1 Post Commit Optimization | Checksum: 2b2fc5b91

Time (s): cpu = 00:00:03 ; elapsed = 00:00:02 . Memory (MB): peak = 1242.813 ; gain = 3.820

Phase 4.2 Post Placement Cleanup
Phase 4.2 Post Placement Cleanup | Checksum: 2b2fc5b91

Time (s): cpu = 00:00:03 ; elapsed = 00:00:02 . Memory (MB): peak = 1242.813 ; gain = 3.820

Phase 4.3 Placer Reporting
Phase 4.3 Placer Reporting | Checksum: 2b2fc5b91

Time (s): cpu = 00:00:03 ; elapsed = 00:00:02 . Memory (MB): peak = 1242.813 ; gain = 3.820

Phase 4.4 Final Placement Cleanup
Netlist sorting complete. Time (s): cpu = 00:00:00 ; elapsed = 00:00:00 . Memory (MB): peak = 1242.813 ; gain = 0.000
Phase 4.4 Final Placement Cleanup | Checksum: 2098ea0ec

Time (s): cpu = 00:00:03 ; elapsed = 00:00:02 . Memory (MB): peak = 1242.813 ; gain = 3.820
Phase 4 Post Placement Optimization and Clean-Up | Checksum: 2098ea0ec

Time (s): cpu = 00:00:03 ; elapsed = 00:00:02 . Memory (MB): peak = 1242.813 ; gain = 3.820
Ending Placer Task | Checksum: 131935f21

Time (s): cpu = 00:00:03 ; elapsed = 00:00:02 . Memory (MB): peak = 1242.813 ; gain = 3.820
INFO: [Common 17-83] Releasing license: Implementation
52 Infos, 1 Warnings, 0 Critical Warnings and 0 Errors encountered.
place_design completed successfully
Netlist sorting complete. Time (s): cpu = 00:00:00 ; elapsed = 00:00:00 . Memory (MB): peak = 1242.813 ; gain = 0.000
Writing placer database...
INFO: [Timing 38-480] Writing timing data to binary archive.
Netlist sorting complete. Time (s): cpu = 00:00:00 ; elapsed = 00:00:00.001 . Memory (MB): peak = 1248.324 ; gain = 0.000
Writing XDEF routing.
Writing XDEF routing logical nets.
Writing XDEF routing special nets.
Write XDEF Complete: Time (s): cpu = 00:00:00 ; elapsed = 00:00:00.122 . Memory (MB): peak = 1249.195 ; gain = 6.383
INFO: [Common 17-1381] The checkpoint 'C:/Users/e501tech/Documents/ECE410/lab2-parkade/parkade/parkade.runs/impl_1/parkade_placed.dcp' has been generated.
INFO: [runtcl-4] Executing : report_io -file parkade_io_placed.rpt
report_io: Time (s): cpu = 00:00:00 ; elapsed = 00:00:00.043 . Memory (MB): peak = 1249.195 ; gain = 0.000
INFO: [runtcl-4] Executing : report_utilization -file parkade_utilization_placed.rpt -pb parkade_utilization_placed.pb
INFO: [runtcl-4] Executing : report_control_sets -verbose -file parkade_control_sets_placed.rpt
report_control_sets: Time (s): cpu = 00:00:00 ; elapsed = 00:00:00.004 . Memory (MB): peak = 1249.195 ; gain = 0.000
Command: route_design
Attempting to get a license for feature 'Implementation' and/or device 'xc7z010'
INFO: [Common 17-349] Got license for feature 'Implementation' and/or device 'xc7z010'
Running DRC as a precondition to command route_design
INFO: [DRC 23-27] Running DRC with 2 threads
INFO: [Vivado_Tcl 4-198] DRC finished with 0 Errors
INFO: [Vivado_Tcl 4-199] Please refer to the DRC report (report_drc) for more information.


Starting Routing Task
INFO: [Route 35-254] Multithreading enabled for route_design using a maximum of 2 CPUs
Checksum: PlaceDB: e677a046 ConstDB: 0 ShapeSum: 4b1bbedb RouteDB: 0

Phase 1 Build RT Design
Phase 1 Build RT Design | Checksum: 1d58a3277

Time (s): cpu = 00:00:10 ; elapsed = 00:00:10 . Memory (MB): peak = 1322.082 ; gain = 72.887
Post Restoration Checksum: NetGraph: dcc87f70 NumContArr: f8c1b307 Constraints: 0 Timing: 0

Phase 2 Router Initialization

Phase 2.1 Create Timer
Phase 2.1 Create Timer | Checksum: 1d58a3277

Time (s): cpu = 00:00:10 ; elapsed = 00:00:10 . Memory (MB): peak = 1354.359 ; gain = 105.164

Phase 2.2 Fix Topology Constraints
Phase 2.2 Fix Topology Constraints | Checksum: 1d58a3277

Time (s): cpu = 00:00:10 ; elapsed = 00:00:10 . Memory (MB): peak = 1360.387 ; gain = 111.191

Phase 2.3 Pre Route Cleanup
Phase 2.3 Pre Route Cleanup | Checksum: 1d58a3277

Time (s): cpu = 00:00:10 ; elapsed = 00:00:10 . Memory (MB): peak = 1360.387 ; gain = 111.191
 Number of Nodes with overlaps = 0

Phase 2.4 Update Timing
Phase 2.4 Update Timing | Checksum: 19d8247c0

Time (s): cpu = 00:00:11 ; elapsed = 00:00:10 . Memory (MB): peak = 1364.301 ; gain = 115.105
INFO: [Route 35-416] Intermediate Timing Summary | WNS=3.527  | TNS=0.000  | WHS=-0.066 | THS=-0.258 |

Phase 2 Router Initialization | Checksum: 18591765c

Time (s): cpu = 00:00:11 ; elapsed = 00:00:10 . Memory (MB): peak = 1364.301 ; gain = 115.105

Phase 3 Initial Routing
Phase 3 Initial Routing | Checksum: 1ad5b5bc1

Time (s): cpu = 00:00:11 ; elapsed = 00:00:10 . Memory (MB): peak = 1365.168 ; gain = 115.973

Phase 4 Rip-up And Reroute

Phase 4.1 Global Iteration 0
 Number of Nodes with overlaps = 150
 Number of Nodes with overlaps = 0
INFO: [Route 35-416] Intermediate Timing Summary | WNS=3.176  | TNS=0.000  | WHS=N/A    | THS=N/A    |

Phase 4.1 Global Iteration 0 | Checksum: de6524dd

Time (s): cpu = 00:00:12 ; elapsed = 00:00:11 . Memory (MB): peak = 1365.168 ; gain = 115.973
Phase 4 Rip-up And Reroute | Checksum: de6524dd

Time (s): cpu = 00:00:12 ; elapsed = 00:00:11 . Memory (MB): peak = 1365.168 ; gain = 115.973

Phase 5 Delay and Skew Optimization

Phase 5.1 Delay CleanUp

Phase 5.1.1 Update Timing
Phase 5.1.1 Update Timing | Checksum: cb5da2e0

Time (s): cpu = 00:00:12 ; elapsed = 00:00:11 . Memory (MB): peak = 1365.168 ; gain = 115.973
INFO: [Route 35-416] Intermediate Timing Summary | WNS=3.324  | TNS=0.000  | WHS=N/A    | THS=N/A    |

Phase 5.1 Delay CleanUp | Checksum: cb5da2e0

Time (s): cpu = 00:00:12 ; elapsed = 00:00:11 . Memory (MB): peak = 1365.168 ; gain = 115.973

Phase 5.2 Clock Skew Optimization
Phase 5.2 Clock Skew Optimization | Checksum: cb5da2e0

Time (s): cpu = 00:00:12 ; elapsed = 00:00:11 . Memory (MB): peak = 1365.168 ; gain = 115.973
Phase 5 Delay and Skew Optimization | Checksum: cb5da2e0

Time (s): cpu = 00:00:12 ; elapsed = 00:00:11 . Memory (MB): peak = 1365.168 ; gain = 115.973

Phase 6 Post Hold Fix

Phase 6.1 Hold Fix Iter

Phase 6.1.1 Update Timing
Phase 6.1.1 Update Timing | Checksum: 171926f1e

Time (s): cpu = 00:00:12 ; elapsed = 00:00:11 . Memory (MB): peak = 1365.168 ; gain = 115.973
INFO: [Route 35-416] Intermediate Timing Summary | WNS=3.324  | TNS=0.000  | WHS=0.207  | THS=0.000  |

Phase 6.1 Hold Fix Iter | Checksum: 1019ebffd

Time (s): cpu = 00:00:12 ; elapsed = 00:00:11 . Memory (MB): peak = 1365.168 ; gain = 115.973
Phase 6 Post Hold Fix | Checksum: 1019ebffd

Time (s): cpu = 00:00:12 ; elapsed = 00:00:11 . Memory (MB): peak = 1365.168 ; gain = 115.973

Phase 7 Route finalize

Router Utilization Summary
  Global Vertical Routing Utilization    = 0.496903 %
  Global Horizontal Routing Utilization  = 0.632123 %
  Routable Net Status*
  *Does not include unroutable nets such as driverless and loadless.
  Run report_route_status for detailed report.
  Number of Failed Nets               = 0
  Number of Unrouted Nets             = 0
  Number of Partially Routed Nets     = 0
  Number of Node Overlaps             = 0

Phase 7 Route finalize | Checksum: f86302f5

Time (s): cpu = 00:00:12 ; elapsed = 00:00:11 . Memory (MB): peak = 1365.168 ; gain = 115.973

Phase 8 Verifying routed nets

 Verification completed successfully
Phase 8 Verifying routed nets | Checksum: f86302f5

Time (s): cpu = 00:00:12 ; elapsed = 00:00:11 . Memory (MB): peak = 1367.176 ; gain = 117.980

Phase 9 Depositing Routes
Phase 9 Depositing Routes | Checksum: 16a20c64b

Time (s): cpu = 00:00:12 ; elapsed = 00:00:11 . Memory (MB): peak = 1367.176 ; gain = 117.980

Phase 10 Post Router Timing
INFO: [Route 35-57] Estimated Timing Summary | WNS=3.324  | TNS=0.000  | WHS=0.207  | THS=0.000  |

INFO: [Route 35-327] The final timing numbers are based on the router estimated timing analysis. For a complete and accurate timing signoff, please run report_timing_summary.
Phase 10 Post Router Timing | Checksum: 16a20c64b

Time (s): cpu = 00:00:12 ; elapsed = 00:00:11 . Memory (MB): peak = 1367.176 ; gain = 117.980
INFO: [Route 35-16] Router Completed Successfully

Time (s): cpu = 00:00:12 ; elapsed = 00:00:11 . Memory (MB): peak = 1367.176 ; gain = 117.980

Routing Is Done.
INFO: [Common 17-83] Releasing license: Implementation
70 Infos, 1 Warnings, 0 Critical Warnings and 0 Errors encountered.
route_design completed successfully
route_design: Time (s): cpu = 00:00:14 ; elapsed = 00:00:12 . Memory (MB): peak = 1367.176 ; gain = 117.980
Netlist sorting complete. Time (s): cpu = 00:00:00 ; elapsed = 00:00:00 . Memory (MB): peak = 1367.176 ; gain = 0.000
INFO: [Timing 38-480] Writing timing data to binary archive.
Writing placer database...
Netlist sorting complete. Time (s): cpu = 00:00:00 ; elapsed = 00:00:00 . Memory (MB): peak = 1369.016 ; gain = 0.000
Writing XDEF routing.
Writing XDEF routing logical nets.
Writing XDEF routing special nets.
Write XDEF Complete: Time (s): cpu = 00:00:00 ; elapsed = 00:00:00.157 . Memory (MB): peak = 1373.512 ; gain = 6.336
INFO: [Common 17-1381] The checkpoint 'C:/Users/e501tech/Documents/ECE410/lab2-parkade/parkade/parkade.runs/impl_1/parkade_routed.dcp' has been generated.
INFO: [runtcl-4] Executing : report_drc -file parkade_drc_routed.rpt -pb parkade_drc_routed.pb -rpx parkade_drc_routed.rpx
Command: report_drc -file parkade_drc_routed.rpt -pb parkade_drc_routed.pb -rpx parkade_drc_routed.rpx
INFO: [IP_Flow 19-1839] IP Catalog is up to date.
INFO: [DRC 23-27] Running DRC with 2 threads
INFO: [Coretcl 2-168] The results of DRC are in file C:/Users/e501tech/Documents/ECE410/lab2-parkade/parkade/parkade.runs/impl_1/parkade_drc_routed.rpt.
report_drc completed successfully
INFO: [runtcl-4] Executing : report_methodology -file parkade_methodology_drc_routed.rpt -pb parkade_methodology_drc_routed.pb -rpx parkade_methodology_drc_routed.rpx
Command: report_methodology -file parkade_methodology_drc_routed.rpt -pb parkade_methodology_drc_routed.pb -rpx parkade_methodology_drc_routed.rpx
INFO: [Timing 38-35] Done setting XDC timing constraints.
INFO: [DRC 23-133] Running Methodology with 2 threads
INFO: [Coretcl 2-1520] The results of Report Methodology are in file C:/Users/e501tech/Documents/ECE410/lab2-parkade/parkade/parkade.runs/impl_1/parkade_methodology_drc_routed.rpt.
report_methodology completed successfully
INFO: [runtcl-4] Executing : report_power -file parkade_power_routed.rpt -pb parkade_power_summary_routed.pb -rpx parkade_power_routed.rpx
Command: report_power -file parkade_power_routed.rpt -pb parkade_power_summary_routed.pb -rpx parkade_power_routed.rpx
INFO: [Timing 38-35] Done setting XDC timing constraints.
Running Vector-less Activity Propagation...

Finished Running Vector-less Activity Propagation
82 Infos, 1 Warnings, 0 Critical Warnings and 0 Errors encountered.
report_power completed successfully
INFO: [runtcl-4] Executing : report_route_status -file parkade_route_status.rpt -pb parkade_route_status.pb
INFO: [runtcl-4] Executing : report_timing_summary -max_paths 10 -file parkade_timing_summary_routed.rpt -pb parkade_timing_summary_routed.pb -rpx parkade_timing_summary_routed.rpx -warn_on_violation 
INFO: [Timing 38-91] UpdateTimingParams: Speed grade: -1, Delay Type: min_max.
INFO: [Timing 38-191] Multithreading enabled for timing update using a maximum of 2 CPUs
INFO: [runtcl-4] Executing : report_incremental_reuse -file parkade_incremental_reuse_routed.rpt
INFO: [Vivado_Tcl 4-1062] Incremental flow is disabled. No incremental reuse Info to report.
INFO: [runtcl-4] Executing : report_clock_utilization -file parkade_clock_utilization_routed.rpt
INFO: [runtcl-4] Executing : report_bus_skew -warn_on_violation -file parkade_bus_skew_routed.rpt -pb parkade_bus_skew_routed.pb -rpx parkade_bus_skew_routed.rpx
INFO: [Timing 38-91] UpdateTimingParams: Speed grade: -1, Delay Type: min_max.
INFO: [Timing 38-191] Multithreading enabled for timing update using a maximum of 2 CPUs
INFO: [Common 17-206] Exiting Vivado at Tue May 28 11:33:36 2019...

*** Running vivado
    with args -log parkade.vdi -applog -m64 -product Vivado -messageDb vivado.pb -mode batch -source parkade.tcl -notrace


****** Vivado v2018.3 (64-bit)
  **** SW Build 2405991 on Thu Dec  6 23:38:27 MST 2018
  **** IP Build 2404404 on Fri Dec  7 01:43:56 MST 2018
    ** Copyright 1986-2018 Xilinx, Inc. All Rights Reserved.

source parkade.tcl -notrace
Command: open_checkpoint parkade_routed.dcp

Starting open_checkpoint Task

Time (s): cpu = 00:00:00 ; elapsed = 00:00:00.030 . Memory (MB): peak = 252.055 ; gain = 0.000
INFO: [Netlist 29-17] Analyzing 161 Unisim elements for replacement
INFO: [Netlist 29-28] Unisim Transformation completed in 0 CPU seconds
WARNING: [Netlist 29-101] Netlist 'parkade' is not ideal for floorplanning, since the cellview 'parkade' contains a large number of primitives.  Please consider enabling hierarchy in synthesis if you want to do floorplanning.
INFO: [Project 1-479] Netlist was created with Vivado 2018.3
INFO: [Device 21-403] Loading part xc7z010clg400-1
INFO: [Project 1-570] Preparing netlist for logic optimization
INFO: [Timing 38-478] Restoring timing data from binary archive.
INFO: [Timing 38-479] Binary timing data restore complete.
INFO: [Project 1-856] Restoring constraints from binary archive.
INFO: [Project 1-853] Binary constraint restore complete.
Reading XDEF placement.
Reading placer database...
Reading XDEF routing.
Read XDEF File: Time (s): cpu = 00:00:01 ; elapsed = 00:00:00.202 . Memory (MB): peak = 1137.406 ; gain = 0.000
Restored from archive | CPU: 1.000000 secs | Memory: 0.000000 MB |
Finished XDEF File Restore: Time (s): cpu = 00:00:01 ; elapsed = 00:00:00.202 . Memory (MB): peak = 1137.406 ; gain = 0.000
Netlist sorting complete. Time (s): cpu = 00:00:00 ; elapsed = 00:00:00 . Memory (MB): peak = 1137.406 ; gain = 0.000
INFO: [Project 1-111] Unisim Transformation Summary:
No Unisim elements were transformed.

INFO: [Project 1-604] Checkpoint was created with Vivado v2018.3 (64-bit) build 2405991
open_checkpoint: Time (s): cpu = 00:00:15 ; elapsed = 00:00:16 . Memory (MB): peak = 1137.406 ; gain = 885.352
Command: write_bitstream -force parkade.bit
Attempting to get a license for feature 'Implementation' and/or device 'xc7z010'
INFO: [Common 17-349] Got license for feature 'Implementation' and/or device 'xc7z010'
Running DRC as a precondition to command write_bitstream
INFO: [IP_Flow 19-234] Refreshing IP repositories
INFO: [IP_Flow 19-1704] No user IP repositories specified
INFO: [IP_Flow 19-2313] Loaded Vivado IP repository 'C:/Xilinx/Vivado/2018.3/data/ip'.
INFO: [DRC 23-27] Running DRC with 2 threads
WARNING: [DRC PDRC-153] Gated clock check: Net out_7seg_reg[6]_i_2_n_1 is a gated clock net sourced by a combinational pin out_7seg_reg[6]_i_2/O, cell out_7seg_reg[6]_i_2. This is not good design practice and will likely impact performance. For SLICE registers, for example, use the CE pin to control the loading of data.
WARNING: [DRC ZPS7-1] PS7 block required: The PS7 cell must be used in this Zynq design in order to enable correct default configuration.
INFO: [Vivado 12-3199] DRC finished with 0 Errors, 2 Warnings
INFO: [Vivado 12-3200] Please refer to the DRC report (report_drc) for more information.
INFO: [Designutils 20-2272] Running write_bitstream with 2 threads.
Loading data files...
Loading site data...
Loading route data...
Processing options...
Creating bitmap...
Creating bitstream...
Writing bitstream ./parkade.bit...
INFO: [Vivado 12-1842] Bitgen Completed Successfully.
INFO: [Project 1-120] WebTalk data collection is mandatory when using a WebPACK part without a full Vivado license. To see the specific WebTalk data collected for your design, open the usage_statistics_webtalk.html or usage_statistics_webtalk.xml file in the implementation directory.
INFO: [Common 17-186] 'C:/Users/e501tech/Documents/ECE410/lab2-parkade/parkade/parkade.runs/impl_1/usage_statistics_webtalk.xml' has been successfully sent to Xilinx on Tue May 28 11:34:23 2019. For additional details about this file, please refer to the WebTalk help file at C:/Xilinx/Vivado/2018.3/doc/webtalk_introduction.html.
INFO: [Common 17-83] Releasing license: Implementation
23 Infos, 3 Warnings, 0 Critical Warnings and 0 Errors encountered.
write_bitstream completed successfully
write_bitstream: Time (s): cpu = 00:00:11 ; elapsed = 00:00:13 . Memory (MB): peak = 1583.797 ; gain = 446.391
INFO: [Common 17-206] Exiting Vivado at Tue May 28 11:34:23 2019...
