Copyright 1986-2018 Xilinx, Inc. All Rights Reserved.
---------------------------------------------------------------------------------------------
| Tool Version : Vivado v.2018.3 (win64) Build 2405991 Thu Dec  6 23:38:27 MST 2018
| Date         : Wed Oct 23 13:59:32 2019
| Host         : e5-01-15 running 64-bit major release  (build 9200)
| Command      : report_control_sets -verbose -file SequenceDetector_control_sets_placed.rpt
| Design       : SequenceDetector
| Device       : xc7z010
---------------------------------------------------------------------------------------------

Control Set Information

Table of Contents
-----------------
1. Summary
2. Histogram
3. Flip-Flop Distribution
4. Detailed Control Set Information

1. Summary
----------

+----------------------------------------------------------+-------+
|                          Status                          | Count |
+----------------------------------------------------------+-------+
| Number of unique control sets                            |     5 |
| Unused register locations in slices containing registers |    22 |
+----------------------------------------------------------+-------+


2. Histogram
------------

+--------+--------------+
| Fanout | Control Sets |
+--------+--------------+
|      1 |            2 |
|      3 |            1 |
|      5 |            1 |
|    16+ |            1 |
+--------+--------------+


3. Flip-Flop Distribution
-------------------------

+--------------+-----------------------+------------------------+-----------------+--------------+
| Clock Enable | Synchronous Set/Reset | Asynchronous Set/Reset | Total Registers | Total Slices |
+--------------+-----------------------+------------------------+-----------------+--------------+
| No           | No                    | No                     |              10 |            4 |
| No           | No                    | Yes                    |               0 |            0 |
| No           | Yes                   | No                     |              32 |            8 |
| Yes          | No                    | No                     |               0 |            0 |
| Yes          | No                    | Yes                    |               0 |            0 |
| Yes          | Yes                   | No                     |               0 |            0 |
+--------------+-----------------------+------------------------+-----------------+--------------+


4. Detailed Control Set Information
-----------------------------------

+---------------------+---------------+------------------+------------------+----------------+
|     Clock Signal    | Enable Signal | Set/Reset Signal | Slice Load Count | Bel Load Count |
+---------------------+---------------+------------------+------------------+----------------+
|  clk_IBUF_BUFG      |               |                  |                1 |              1 |
|  led6_r_reg_i_1_n_0 |               |                  |                1 |              1 |
|  led_reg[2]_i_1_n_0 |               |                  |                1 |              3 |
|  clk_div/CLK        |               |                  |                1 |              5 |
|  clk_IBUF_BUFG      |               | clk_div/clear    |                8 |             32 |
+---------------------+---------------+------------------+------------------+----------------+


